   1              		.cpu cortex-m3
   2              		.eabi_attribute 20, 1
   3              		.eabi_attribute 21, 1
   4              		.eabi_attribute 23, 3
   5              		.eabi_attribute 24, 1
   6              		.eabi_attribute 25, 1
   7              		.eabi_attribute 26, 1
   8              		.eabi_attribute 30, 4
   9              		.eabi_attribute 34, 1
  10              		.eabi_attribute 18, 4
  11              		.file	"usb_init.c"
  12              		.text
  13              	.Ltext0:
  14              		.cfi_sections	.debug_frame
  15              		.section	.text.USB_Init,"ax",%progbits
  16              		.align	1
  17              		.global	USB_Init
  18              		.syntax unified
  19              		.thumb
  20              		.thumb_func
  21              		.fpu softvfp
  23              	USB_Init:
  24              	.LFB0:
  25              		.file 1 "usb_lib/usb_init.c"
   1:usb_lib/usb_init.c **** /******************** (C) COPYRIGHT 2008 STMicroelectronics ********************
   2:usb_lib/usb_init.c **** * File Name          : usb_init.c
   3:usb_lib/usb_init.c **** * Author             : MCD Application Team
   4:usb_lib/usb_init.c **** * Version            : V2.2.1
   5:usb_lib/usb_init.c **** * Date               : 09/22/2008
   6:usb_lib/usb_init.c **** * Description        : Initialization routines & global variables
   7:usb_lib/usb_init.c **** ********************************************************************************
   8:usb_lib/usb_init.c **** * THE PRESENT FIRMWARE WHICH IS FOR GUIDANCE ONLY AIMS AT PROVIDING CUSTOMERS
   9:usb_lib/usb_init.c **** * WITH CODING INFORMATION REGARDING THEIR PRODUCTS IN ORDER FOR THEM TO SAVE TIME.
  10:usb_lib/usb_init.c **** * AS A RESULT, STMICROELECTRONICS SHALL NOT BE HELD LIABLE FOR ANY DIRECT,
  11:usb_lib/usb_init.c **** * INDIRECT OR CONSEQUENTIAL DAMAGES WITH RESPECT TO ANY CLAIMS ARISING FROM THE
  12:usb_lib/usb_init.c **** * CONTENT OF SUCH FIRMWARE AND/OR THE USE MADE BY CUSTOMERS OF THE CODING
  13:usb_lib/usb_init.c **** * INFORMATION CONTAINED HEREIN IN CONNECTION WITH THEIR PRODUCTS.
  14:usb_lib/usb_init.c **** *******************************************************************************/
  15:usb_lib/usb_init.c **** 
  16:usb_lib/usb_init.c **** /* Includes ------------------------------------------------------------------*/
  17:usb_lib/usb_init.c **** #include "usb_lib.h"
  18:usb_lib/usb_init.c **** 
  19:usb_lib/usb_init.c **** /* Private typedef -----------------------------------------------------------*/
  20:usb_lib/usb_init.c **** /* Private define ------------------------------------------------------------*/
  21:usb_lib/usb_init.c **** /* Private macro -------------------------------------------------------------*/
  22:usb_lib/usb_init.c **** /* Private variables ---------------------------------------------------------*/
  23:usb_lib/usb_init.c **** /*  The number of current endpoint, it will be used to specify an endpoint */
  24:usb_lib/usb_init.c ****  u8	EPindex;
  25:usb_lib/usb_init.c **** /*  The number of current device, it is an index to the Device_Table */
  26:usb_lib/usb_init.c **** /* u8	Device_no; */
  27:usb_lib/usb_init.c **** /*  Points to the DEVICE_INFO structure of current device */
  28:usb_lib/usb_init.c **** /*  The purpose of this register is to speed up the execution */
  29:usb_lib/usb_init.c **** DEVICE_INFO *pInformation;
  30:usb_lib/usb_init.c **** /*  Points to the DEVICE_PROP structure of current device */
  31:usb_lib/usb_init.c **** /*  The purpose of this register is to speed up the execution */
  32:usb_lib/usb_init.c **** DEVICE_PROP *pProperty;
  33:usb_lib/usb_init.c **** /*  Temporary save the state of Rx & Tx status. */
  34:usb_lib/usb_init.c **** /*  Whenever the Rx or Tx state is changed, its value is saved */
  35:usb_lib/usb_init.c **** /*  in this variable first and will be set to the EPRB or EPRA */
  36:usb_lib/usb_init.c **** /*  at the end of interrupt process */
  37:usb_lib/usb_init.c **** u16	SaveState ;
  38:usb_lib/usb_init.c **** u16  wInterrupt_Mask;
  39:usb_lib/usb_init.c **** DEVICE_INFO	Device_Info;
  40:usb_lib/usb_init.c **** USER_STANDARD_REQUESTS  *pUser_Standard_Requests;
  41:usb_lib/usb_init.c **** 
  42:usb_lib/usb_init.c **** /* Extern variables ----------------------------------------------------------*/
  43:usb_lib/usb_init.c **** /* Private function prototypes -----------------------------------------------*/
  44:usb_lib/usb_init.c **** /* Private functions ---------------------------------------------------------*/
  45:usb_lib/usb_init.c **** 
  46:usb_lib/usb_init.c **** /*******************************************************************************
  47:usb_lib/usb_init.c **** * Function Name  : USB_Init
  48:usb_lib/usb_init.c **** * Description    : USB system initialization
  49:usb_lib/usb_init.c **** * Input          : None.
  50:usb_lib/usb_init.c **** * Output         : None.
  51:usb_lib/usb_init.c **** * Return         : None.
  52:usb_lib/usb_init.c **** *******************************************************************************/
  53:usb_lib/usb_init.c **** void USB_Init(void)
  54:usb_lib/usb_init.c **** {
  26              		.loc 1 54 0
  27              		.cfi_startproc
  28              		@ args = 0, pretend = 0, frame = 0
  29              		@ frame_needed = 0, uses_anonymous_args = 0
  30              		@ link register save eliminated.
  55:usb_lib/usb_init.c ****   pInformation = &Device_Info;
  31              		.loc 1 55 0
  32 0000 064B     		ldr	r3, .L2
  33 0002 074A     		ldr	r2, .L2+4
  56:usb_lib/usb_init.c ****   pInformation->ControlState = 2;
  57:usb_lib/usb_init.c ****   pProperty = &Device_Property;
  58:usb_lib/usb_init.c ****   pUser_Standard_Requests = &User_Standard_Requests;
  34              		.loc 1 58 0
  35 0004 0749     		ldr	r1, .L2+8
  55:usb_lib/usb_init.c ****   pInformation = &Device_Info;
  36              		.loc 1 55 0
  37 0006 1360     		str	r3, [r2]
  56:usb_lib/usb_init.c ****   pInformation->ControlState = 2;
  38              		.loc 1 56 0
  39 0008 0222     		movs	r2, #2
  40 000a 1A72     		strb	r2, [r3, #8]
  57:usb_lib/usb_init.c ****   pUser_Standard_Requests = &User_Standard_Requests;
  41              		.loc 1 57 0
  42 000c 064B     		ldr	r3, .L2+12
  43 000e 074A     		ldr	r2, .L2+16
  44 0010 1360     		str	r3, [r2]
  45              		.loc 1 58 0
  46 0012 074A     		ldr	r2, .L2+20
  59:usb_lib/usb_init.c ****   /* Initialize devices one by one */
  60:usb_lib/usb_init.c **** 
  61:usb_lib/usb_init.c ****   pProperty->Init();
  47              		.loc 1 61 0
  48 0014 1B68     		ldr	r3, [r3]
  58:usb_lib/usb_init.c ****   /* Initialize devices one by one */
  49              		.loc 1 58 0
  50 0016 1160     		str	r1, [r2]
  51              		.loc 1 61 0
  52 0018 1847     		bx	r3	@ indirect register sibling call
  53              	.LVL0:
  54              	.L3:
  55 001a 00BF     		.align	2
  56              	.L2:
  57 001c 00000000 		.word	Device_Info
  58 0020 00000000 		.word	pInformation
  59 0024 00000000 		.word	User_Standard_Requests
  60 0028 00000000 		.word	Device_Property
  61 002c 00000000 		.word	pProperty
  62 0030 00000000 		.word	pUser_Standard_Requests
  63              		.cfi_endproc
  64              	.LFE0:
  66              		.comm	pUser_Standard_Requests,4,4
  67              		.comm	Device_Info,28,4
  68              		.comm	wInterrupt_Mask,2,2
  69              		.comm	SaveState,2,2
  70              		.comm	pProperty,4,4
  71              		.comm	pInformation,4,4
  72              		.comm	EPindex,1,1
  73              		.text
  74              	.Letext0:
  75              		.file 2 "usb_lib/usb_type.h"
  76              		.file 3 "usb_lib/usb_core.h"
  77              		.file 4 "usb_lib/usb_regs.h"
  78              		.file 5 "usb_lib/usb_init.h"
DEFINED SYMBOLS
                            *ABS*:0000000000000000 usb_init.c
/var/folders/gy/ljsb_4sn10j121t6zk2d77mw0000gn/T//cc7QjJzn.s:16     .text.USB_Init:0000000000000000 $t
/var/folders/gy/ljsb_4sn10j121t6zk2d77mw0000gn/T//cc7QjJzn.s:23     .text.USB_Init:0000000000000000 USB_Init
/var/folders/gy/ljsb_4sn10j121t6zk2d77mw0000gn/T//cc7QjJzn.s:57     .text.USB_Init:000000000000001c $d
                            *COM*:000000000000001c Device_Info
                            *COM*:0000000000000004 pInformation
                            *COM*:0000000000000004 pProperty
                            *COM*:0000000000000004 pUser_Standard_Requests
                            *COM*:0000000000000002 wInterrupt_Mask
                            *COM*:0000000000000002 SaveState
                            *COM*:0000000000000001 EPindex

UNDEFINED SYMBOLS
User_Standard_Requests
Device_Property
