   1              	# 1 "stm32_lib/cortexm3_macro.s"
   1              	# 1 "./stm32_lib/cortexm3_macro.S"
   1              	...
   0              	
   0              	
   0              	
DEFINED SYMBOLS
./stm32_lib/cortexm3_macro.S:54     .text:0000000000000000 __WFI
./stm32_lib/cortexm3_macro.S:66     .text:0000000000000004 __WFE
./stm32_lib/cortexm3_macro.S:78     .text:0000000000000008 __SEV
./stm32_lib/cortexm3_macro.S:90     .text:000000000000000c __ISB
./stm32_lib/cortexm3_macro.S:102    .text:0000000000000012 __DSB
./stm32_lib/cortexm3_macro.S:114    .text:0000000000000018 __DMB
./stm32_lib/cortexm3_macro.S:126    .text:000000000000001e __SVC
./stm32_lib/cortexm3_macro.S:138    .text:0000000000000022 __MRS_CONTROL
./stm32_lib/cortexm3_macro.S:150    .text:0000000000000028 __MSR_CONTROL
./stm32_lib/cortexm3_macro.S:162    .text:0000000000000032 __MRS_PSP
./stm32_lib/cortexm3_macro.S:174    .text:0000000000000038 __MSR_PSP
./stm32_lib/cortexm3_macro.S:186    .text:000000000000003e __MRS_MSP
./stm32_lib/cortexm3_macro.S:198    .text:0000000000000044 __MSR_MSP
./stm32_lib/cortexm3_macro.S:210    .text:000000000000004a __RESETPRIMASK
./stm32_lib/cortexm3_macro.S:222    .text:000000000000004e __SETPRIMASK
./stm32_lib/cortexm3_macro.S:234    .text:0000000000000052 __READ_PRIMASK
./stm32_lib/cortexm3_macro.S:246    .text:0000000000000058 __RESETFAULTMASK
./stm32_lib/cortexm3_macro.S:258    .text:000000000000005c __SETFAULTMASK
./stm32_lib/cortexm3_macro.S:270    .text:0000000000000060 __READ_FAULTMASK
./stm32_lib/cortexm3_macro.S:282    .text:0000000000000066 __BASEPRICONFIG
./stm32_lib/cortexm3_macro.S:294    .text:000000000000006c __GetBASEPRI
./stm32_lib/cortexm3_macro.S:305    .text:0000000000000072 __REV_HalfWord
./stm32_lib/cortexm3_macro.S:317    .text:0000000000000076 __REV_Word
./stm32_lib/cortexm3_macro.S:56     .text:0000000000000000 $t

NO UNDEFINED SYMBOLS
